[debug] > Exec(;set _root_.scala.collection.Seq(historyPath := None,shellPrompt := { _ => "" },SettingKey[_root_.scala.Option[_root_.sbt.File]]("sbtStructureOutputFile") in _root_.sbt.Global := _root_.scala.Some(_root_.sbt.file("/private/var/folders/k8/qvl7ttqs5k373dzq691fckxw0000gn/T/sbt-structure.xml")),SettingKey[_root_.java.lang.String]("sbtStructureOptions") in _root_.sbt.Global := "download, resolveSourceClassifiers, resolveSbtClassifiers, insertProjectTransitiveDependencies");apply -cp "/Users/mfsang/Library/Application Support/JetBrains/IdeaIC2024.1/plugins/Scala/repo/org/jetbrains/scala/sbt-structure-extractor_2.12_1.3/2024.1.2/sbt-structure-extractor-2024.1.2.jar" "org.jetbrains.sbt.CreateTasks" "sbt.jetbrains.LogDownloadArtifacts";preferScala2;*/*:dumpStructure, Some(a9ab5ad1-b9be-4604-96d7-7f1a77c8a434), Some(CommandSource(console0)))
[debug] > Exec(set _root_.scala.collection.Seq(historyPath := None,shellPrompt := { _ => "" },SettingKey[_root_.scala.Option[_root_.sbt.File]]("sbtStructureOutputFile") in _root_.sbt.Global := _root_.scala.Some(_root_.sbt.file("/private/var/folders/k8/qvl7ttqs5k373dzq691fckxw0000gn/T/sbt-structure.xml")),SettingKey[_root_.java.lang.String]("sbtStructureOptions") in _root_.sbt.Global := "download, resolveSourceClassifiers, resolveSbtClassifiers, insertProjectTransitiveDependencies"), None, Some(CommandSource(console0)))
[info] Defining Global / sbtStructureOptions, Global / sbtStructureOutputFile and 1 others.
[info] The new values will be used by cleanKeepGlobs
[info] 	Run `last` for details.
[debug] Defining 
[debug] 	Global / sbtStructureOptions
[debug] 	Global / sbtStructureOutputFile
[debug] 	history
[debug] 	shellPrompt
[debug] 
[debug] The new values will be used by 
[debug] 	cleanKeepGlobs
[info] Reapplying settings...
[info] set current project to scala (in build file:/Users/mfsang/Documents/考研复试/PriorityQueues/ShiftRegister/src/main/scala/)
[debug] > Exec(apply -cp "/Users/mfsang/Library/Application Support/JetBrains/IdeaIC2024.1/plugins/Scala/repo/org/jetbrains/scala/sbt-structure-extractor_2.12_1.3/2024.1.2/sbt-structure-extractor-2024.1.2.jar" "org.jetbrains.sbt.CreateTasks" "sbt.jetbrains.LogDownloadArtifacts", None, Some(CommandSource(console0)))
[info] Applying State transformations org.jetbrains.sbt.CreateTasks, sbt.jetbrains.LogDownloadArtifacts from /Users/mfsang/Library/Application Support/JetBrains/IdeaIC2024.1/plugins/Scala/repo/org/jetbrains/scala/sbt-structure-extractor_2.12_1.3/2024.1.2/sbt-structure-extractor-2024.1.2.jar
[info] Reapplying settings...
[info] set current project to scala (in build file:/Users/mfsang/Documents/考研复试/PriorityQueues/ShiftRegister/src/main/scala/)
[info] Reapplying settings...
[info] set current project to scala (in build file:/Users/mfsang/Documents/考研复试/PriorityQueues/ShiftRegister/src/main/scala/)
[debug] > Exec(preferScala2, None, Some(CommandSource(console0)))
[debug] > Exec(*/*:dumpStructure, None, Some(CommandSource(console0)))
[debug] Evaluating tasks: Global / dumpStructure
[warn] sbt 0.13 shell syntax is deprecated; use slash syntax instead: Global / dumpStructure
[debug] Running task... Cancel: Signal, check cycles: false, forcegc: true
